2022.11.29 22:04:47 -> Push 123 to/from MyDeque => {123} :
2022.11.29 22:04:54 -> Enqueue 12345 to/from MyDeque => {123;12345} :
2022.11.29 22:04:56 -> Push 12345 to/from MyDeque => {12345;123;12345} :
2022.11.29 22:05:22 -> Add 12345 to/from StringList => {12345} :
2022.11.29 22:05:25 -> Replace 12345 to/from StringList => {12345} :
2022.11.29 22:05:32 -> Replace 12345678 to/from StringList => {12345678} :
2022.11.30 14:54:53 -> Add 12345 to/from StringList => {12345} :
2022.11.30 14:54:53 -> Add 12345 to/from StringList => {12345;12345} :
2022.11.30 14:54:53 -> Add 12345 to/from StringList => {12345;12345;12345} :
2022.11.30 14:54:54 -> Add 12345 to/from StringList => {12345;12345;12345;12345} :
2022.11.30 14:54:54 -> Add 12345 to/from StringList => {12345;12345;12345;12345;12345} :
2022.12.07 00:14:31 -> Add 123 to/from StringList => {123} :
2022.12.07 00:14:36 -> Find 6 to/from StringList => {} :
2022.12.07 00:14:40 -> Find 123 to/from StringList => {123} :
2022.12.07 00:15:10 -> Filter  to/from StringList => {123} :
2022.12.07 00:15:12 -> Filter  to/from StringList => {123} :
2022.12.07 00:15:12 -> Filter  to/from StringList => {123} :
2022.12.07 00:15:13 -> Filter  to/from StringList => {123} :
2022.12.07 00:15:13 -> Filter  to/from StringList => {123} :
2022.12.07 00:15:13 -> Filter  to/from StringList => {123} :
2022.12.07 00:15:17 -> Filter 123 to/from StringList => {} :
2022.12.07 00:15:20 -> Sort 123 to/from StringList => {123} :
2022.12.07 00:15:22 -> Add 123 to/from StringList => {123;123} :
2022.12.07 00:15:22 -> Add 123 to/from StringList => {123;123;123} :
2022.12.07 00:15:23 -> Add 123 to/from StringList => {123;123;123;123} :
2022.12.07 00:15:23 -> Add 123 to/from StringList => {123;123;123;123;123} :
2022.12.07 00:15:25 -> Add 12 to/from StringList => {123;123;123;123;123;12} :
2022.12.07 00:15:25 -> Sort 12 to/from StringList => {12;123;123;123;123;123} :
2022.12.07 00:15:27 -> Filter 12 to/from StringList => {12;123;123;123;123} :
2022.12.07 00:15:30 -> Filter 123 to/from StringList => {12} :
2022.12.07 00:15:31 -> Find 123 to/from StringList => {12;123;123;123;123} :
2022.12.07 00:15:32 -> Find 12 to/from StringList => {12} :
2022.12.07 00:15:44 -> Push 12 to/from MyStack => {12} :
2022.12.07 00:15:46 -> Get 12 to/from MyStack => {} :
2022.12.07 00:15:48 -> Push 12 to/from MyStack => {12} :
2022.12.07 00:16:01 -> Enqueue 1 to/from MyQueue => {1} :
2022.12.07 00:16:03 -> Enqueue 12 to/from MyQueue => {12;1} :
2022.12.07 00:16:05 -> Enqueue 123 to/from MyQueue => {123;12;1} :
2022.12.07 00:21:16 -> Enqueue 123 to/from MyQueue => {123;123;12;1} :
2022.12.07 00:21:18 -> Get 123 to/from MyQueue => {123;12;1} :
2022.12.07 00:21:19 -> Get 123 to/from MyQueue => {12;1} :
2022.12.07 00:21:19 -> Get 12 to/from MyQueue => {1} :
2022.12.07 00:21:26 -> Get 1 to/from MyQueue => {} :
2022.12.07 00:21:29 -> Enqueue 1 to/from MyQueue => {1} :
2022.12.07 00:21:32 -> Enqueue 12 to/from MyQueue => {12;1} :
2022.12.07 00:21:35 -> Enqueue 123 to/from MyQueue => {123;12;1} :
2022.12.07 00:21:38 -> Get 123 to/from MyQueue => {12;1} :
2022.12.07 00:21:39 -> Get 12 to/from MyQueue => {1} :
2022.12.07 00:21:39 -> Get 1 to/from MyQueue => {} :
2022.12.07 15:10:06 -> Add 1 to/from StringList => {1} :
2022.12.07 15:10:10 -> Add 12 to/from StringList => {1;12} :
2022.12.07 15:10:12 -> Remove 12 to/from StringList => {1} :
2022.12.07 15:10:12 -> Remove 12 to/from StringList => {1} :
2022.12.07 15:10:16 -> Push 12 to/from MyStack => {12} :
2022.12.07 15:10:19 -> Push 1 to/from MyStack => {12;1} :
2022.12.07 15:10:23 -> Get 1 to/from MyStack => {12;1} :
2022.12.07 15:10:27 -> Get 1 to/from MyStack => {12;1} :
2022.12.07 15:10:32 -> Get 1 to/from MyStack => {12;1} :
2022.12.07 15:10:32 -> Get 1 to/from MyStack => {12;1} :
2022.12.07 15:10:44 -> Add  to/from StringList => {1;} :
2022.12.07 15:10:45 -> Get 1 to/from MyStack => {12;1} :
2022.12.07 15:10:46 -> Get 1 to/from MyStack => {12;1} :
2022.12.07 15:10:52 -> Remove 1 to/from StringList => {} :
2022.12.07 15:10:58 -> Get 1 to/from MyStack => {12;1} :
2022.12.07 15:11:12 -> Push 1 to/from MyStack => {1} :
2022.12.07 15:11:16 -> Push 12 to/from MyStack => {1;12} :
2022.12.07 15:11:18 -> Get 12 to/from MyStack => {1;12} :
2022.12.07 15:11:24 -> Get 12 to/from MyStack => {1;12} :
2022.12.07 15:11:24 -> Get 12 to/from MyStack => {1;12} :
2022.12.07 15:11:32 -> Get 12 to/from MyStack => {1;12} :
2022.12.07 15:15:36 -> Enqueue 1 to/from MyQueue => {1} :
2022.12.07 15:15:40 -> Enqueue 2 to/from MyQueue => {1;2} :
2022.12.07 15:15:44 -> Get 1 to/from MyQueue => {1;2} :
2022.12.07 15:16:43 -> Push 1 to/from MyDeque => {1} :
2022.12.07 15:16:54 -> Push 12 to/from MyDeque => {1;12} :
2022.12.07 15:17:04 -> Enqueue 123 to/from MyDeque => {1;12;123} :
2022.12.07 15:17:09 -> Get 123 to/from MyDeque => {1;12;123} :
2022.12.07 15:17:13 -> GetLast 123 to/from MyDeque => { 1 12 12} :
2022.12.07 15:17:40 -> Push 1 to/from SysStack => {1} :
2022.12.07 15:17:41 -> Push 1 to/from SysStack => {1;1} :
2022.12.07 15:17:44 -> Push 12 to/from SysStack => {12;1;1} :
2022.12.07 15:17:48 -> Get 12 to/from SysStack => {1;1} :
2022.12.07 15:17:50 -> Get 1 to/from SysStack => {1} :
2022.12.07 15:17:51 -> Get 1 to/from SysStack => {} :
2022.12.07 15:17:58 -> Enqueue 1 to/from SysQueue => {1} :
2022.12.07 15:18:02 -> Enqueue 12 to/from SysQueue => {1;12} :
2022.12.07 15:18:05 -> Get 1 to/from SysQueue => {12} :
2022.12.07 15:18:06 -> Get 12 to/from SysQueue => {} :
2022.12.07 15:18:14 -> Enqueue 1 to/from MyQueue => {1} :
2022.12.07 15:18:18 -> Enqueue 12 to/from MyQueue => {1;12} :
2022.12.07 15:18:19 -> Get 1 to/from MyQueue => {1;12} :
2022.12.07 15:20:22 -> Push 1 to/from MyStack => {1} :
2022.12.07 15:20:26 -> Push 12 to/from MyStack => {1;12} :
2022.12.07 15:20:28 -> Get 12 to/from MyStack => {1} :
2022.12.07 15:20:31 -> Get 1 to/from MyStack => {} :
2022.12.07 15:21:38 -> Enqueue 1 to/from MyQueue => {1} :
2022.12.07 15:21:41 -> Enqueue 12 to/from MyQueue => {1;12} :
2022.12.07 15:21:43 -> Get 1 to/from MyQueue => {12} :
2022.12.07 15:23:20 -> Push 1 to/from MyDeque => {1} :
2022.12.07 15:23:25 -> Enqueue 12 to/from MyDeque => {1;12} :
2022.12.07 15:23:30 -> Push 123 to/from MyDeque => {1;12;123} :
2022.12.07 15:23:34 -> Get 123 to/from MyDeque => {1;12} :
2022.12.07 15:23:42 -> GetLast 12 to/from MyDeque => { } :
2022.12.07 15:24:46 -> Enqueue 1 to/from MyDeque => {1} :
2022.12.07 15:24:50 -> Enqueue 12 to/from MyDeque => {1;12} :
2022.12.07 15:24:53 -> Push 123 to/from MyDeque => {1;12;123} :
2022.12.07 15:24:55 -> Get 1 to/from MyDeque => {12;123} :
2022.12.07 15:24:57 -> GetLast 123 to/from MyDeque => { 1} :
